<?xml version="1.0" encoding="UTF-8"?>
<!-- Generated by org.testng.reporters.JUnitReportReporter -->
<testsuite hostname="DESKTOP-MT3PE0F" failures="0" tests="1" name="org.iit.healthcare.mmp.VerifyInformations" time="7.045" errors="0" timestamp="02 Feb 2022 04:17:15 GMT" skipped="0">
  <testcase classname="org.iit.healthcare.mmp.VerifyInformations" name="VerifyInformations" time="7.045"/>
</testsuite> <!-- org.iit.healthcare.mmp.VerifyInformations -->
