<?xml version="1.0" encoding="UTF-8"?>
<!-- Generated by org.testng.reporters.JUnitReportReporter -->
<testsuite hostname="DESKTOP-MT3PE0F" failures="0" tests="1" name="org.iit.healthcare.mmp.VerifyInformationTest" time="7.271" errors="0" timestamp="02 Feb 2022 04:23:03 GMT" skipped="0">
  <testcase classname="org.iit.healthcare.mmp.VerifyInformationTest" name="VerifyInformationTest" time="7.271"/>
</testsuite> <!-- org.iit.healthcare.mmp.VerifyInformationTest -->
